[error] Failed to fetch Firebase Project from Studio Workspace because WORKSPACE_SLUG environment variable is empty
[error] Failed to fetch Firebase Project from Studio Workspace because WORKSPACE_SLUG environment variable is empty
[error] Failed to fetch Firebase Project from Studio Workspace because WORKSPACE_SLUG environment variable is empty
[error] Failed to fetch Firebase Project from Studio Workspace because WORKSPACE_SLUG environment variable is empty
[debug] [2025-11-06T22:39:21.985Z] > command requires scopes: ["email","openid","https://www.googleapis.com/auth/cloudplatformprojects.readonly","https://www.googleapis.com/auth/firebase","https://www.googleapis.com/auth/cloud-platform","https://www.googleapis.com/auth/userinfo.email"]
[debug] [2025-11-06T22:39:21.987Z] > authorizing via signed-in user (jefemaestrohalocombat@gmail.com)
[debug] [2025-11-06T22:39:22.114Z] Checked if tokens are valid: false, expires at: 1762417121910
[debug] [2025-11-06T22:39:22.130Z] Checked if tokens are valid: false, expires at: 1762417121910
[debug] [2025-11-06T22:39:22.155Z] > refreshing access token with scopes: []
[debug] [2025-11-06T22:39:22.242Z] >>> [apiv2][query] POST https://www.googleapis.com/oauth2/v3/token [none]
[debug] [2025-11-06T22:39:22.243Z] >>> [apiv2][body] POST https://www.googleapis.com/oauth2/v3/token [omitted]
[debug] [2025-11-06T22:39:22.488Z] Checked if tokens are valid: false, expires at: 1762417121910
[debug] [2025-11-06T22:39:22.508Z] Checked if tokens are valid: false, expires at: 1762417121910
[debug] [2025-11-06T22:39:22.508Z] > refreshing access token with scopes: []
[debug] [2025-11-06T22:39:22.529Z] >>> [apiv2][query] POST https://www.googleapis.com/oauth2/v3/token [none]
[debug] [2025-11-06T22:39:22.530Z] >>> [apiv2][body] POST https://www.googleapis.com/oauth2/v3/token [omitted]
[debug] [2025-11-06T22:39:22.559Z] Checked if tokens are valid: false, expires at: 1762417121910
[debug] [2025-11-06T22:39:22.560Z] Checked if tokens are valid: false, expires at: 1762417121910
[debug] [2025-11-06T22:39:22.565Z] > refreshing access token with scopes: []
[debug] [2025-11-06T22:39:22.567Z] >>> [apiv2][query] POST https://www.googleapis.com/oauth2/v3/token [none]
[debug] [2025-11-06T22:39:22.567Z] >>> [apiv2][body] POST https://www.googleapis.com/oauth2/v3/token [omitted]
[debug] [2025-11-06T22:39:22.603Z] > command requires scopes: ["email","openid","https://www.googleapis.com/auth/cloudplatformprojects.readonly","https://www.googleapis.com/auth/firebase","https://www.googleapis.com/auth/cloud-platform","https://www.googleapis.com/auth/userinfo.email"]
[debug] [2025-11-06T22:39:22.603Z] > authorizing via signed-in user (jefemaestrohalocombat@gmail.com)
[debug] [2025-11-06T22:39:22.608Z] Checked if tokens are valid: false, expires at: 1762417121910
[debug] [2025-11-06T22:39:22.626Z] Checked if tokens are valid: false, expires at: 1762417121910
[debug] [2025-11-06T22:39:22.626Z] > refreshing access token with scopes: []
[debug] [2025-11-06T22:39:22.626Z] >>> [apiv2][query] POST https://www.googleapis.com/oauth2/v3/token [none]
[debug] [2025-11-06T22:39:22.627Z] >>> [apiv2][body] POST https://www.googleapis.com/oauth2/v3/token [omitted]
[debug] [2025-11-06T22:39:22.694Z] Checked if tokens are valid: false, expires at: 1762417121910
[debug] [2025-11-06T22:39:22.694Z] Checked if tokens are valid: false, expires at: 1762417121910
[debug] [2025-11-06T22:39:22.694Z] > refreshing access token with scopes: []
[debug] [2025-11-06T22:39:22.695Z] >>> [apiv2][query] POST https://www.googleapis.com/oauth2/v3/token [none]
[debug] [2025-11-06T22:39:22.695Z] >>> [apiv2][body] POST https://www.googleapis.com/oauth2/v3/token [omitted]
[debug] [2025-11-06T22:39:22.739Z] Checked if tokens are valid: false, expires at: 1762417121910
[debug] [2025-11-06T22:39:22.740Z] Checked if tokens are valid: false, expires at: 1762417121910
[debug] [2025-11-06T22:39:22.740Z] > refreshing access token with scopes: []
[debug] [2025-11-06T22:39:22.753Z] >>> [apiv2][query] POST https://www.googleapis.com/oauth2/v3/token [none]
[debug] [2025-11-06T22:39:22.753Z] >>> [apiv2][body] POST https://www.googleapis.com/oauth2/v3/token [omitted]
[debug] [2025-11-06T22:39:24.790Z] <<< [apiv2][status] POST https://www.googleapis.com/oauth2/v3/token 200
[debug] [2025-11-06T22:39:24.791Z] <<< [apiv2][body] POST https://www.googleapis.com/oauth2/v3/token [omitted]
[debug] [2025-11-06T22:39:24.919Z] >>> [apiv2][query] GET https://serviceusage.googleapis.com/v1/projects/serviciotecnicojr-187663-9a086/services/firebasedataconnect.googleapis.com [none]
[debug] [2025-11-06T22:39:24.919Z] >>> [apiv2][(partial)header] GET https://serviceusage.googleapis.com/v1/projects/serviciotecnicojr-187663-9a086/services/firebasedataconnect.googleapis.com x-goog-quota-user=projects/serviciotecnicojr-187663-9a086
[debug] [2025-11-06T22:39:25.158Z] <<< [apiv2][status] POST https://www.googleapis.com/oauth2/v3/token 200
[debug] [2025-11-06T22:39:25.158Z] <<< [apiv2][body] POST https://www.googleapis.com/oauth2/v3/token [omitted]
[debug] [2025-11-06T22:39:25.223Z] >>> [apiv2][query] GET https://serviceusage.googleapis.com/v1/projects/serviciotecnicojr-187663-9a086/services/firebaseapphosting.googleapis.com [none]
[debug] [2025-11-06T22:39:25.223Z] >>> [apiv2][(partial)header] GET https://serviceusage.googleapis.com/v1/projects/serviciotecnicojr-187663-9a086/services/firebaseapphosting.googleapis.com x-goog-quota-user=projects/serviciotecnicojr-187663-9a086
[debug] [2025-11-06T22:39:25.500Z] <<< [apiv2][status] POST https://www.googleapis.com/oauth2/v3/token 200
[debug] [2025-11-06T22:39:25.501Z] <<< [apiv2][body] POST https://www.googleapis.com/oauth2/v3/token [omitted]
[debug] [2025-11-06T22:39:25.551Z] >>> [apiv2][query] GET https://serviceusage.googleapis.com/v1/projects/serviciotecnicojr-187663-9a086/services/firebasedataconnect.googleapis.com [none]
[debug] [2025-11-06T22:39:25.552Z] >>> [apiv2][(partial)header] GET https://serviceusage.googleapis.com/v1/projects/serviciotecnicojr-187663-9a086/services/firebasedataconnect.googleapis.com x-goog-quota-user=projects/serviciotecnicojr-187663-9a086
[debug] [2025-11-06T22:39:25.755Z] <<< [apiv2][status] POST https://www.googleapis.com/oauth2/v3/token 200
[debug] [2025-11-06T22:39:25.757Z] <<< [apiv2][body] POST https://www.googleapis.com/oauth2/v3/token [omitted]
[debug] [2025-11-06T22:39:25.810Z] >>> [apiv2][query] GET https://serviceusage.googleapis.com/v1/projects/serviciotecnicojr-187663-9a086/services/firebaseio.com [none]
[debug] [2025-11-06T22:39:25.810Z] >>> [apiv2][(partial)header] GET https://serviceusage.googleapis.com/v1/projects/serviciotecnicojr-187663-9a086/services/firebaseio.com x-goog-quota-user=projects/serviciotecnicojr-187663-9a086
[error] Failed to fetch Firebase Project from Studio Workspace because WORKSPACE_SLUG environment variable is empty
[debug] [2025-11-06T22:39:26.072Z] <<< [apiv2][status] POST https://www.googleapis.com/oauth2/v3/token 200
[debug] [2025-11-06T22:39:26.073Z] <<< [apiv2][body] POST https://www.googleapis.com/oauth2/v3/token [omitted]
[debug] [2025-11-06T22:39:26.160Z] >>> [apiv2][query] GET https://serviceusage.googleapis.com/v1/projects/serviciotecnicojr-187663-9a086/services/firebaseapphosting.googleapis.com [none]
[debug] [2025-11-06T22:39:26.161Z] >>> [apiv2][(partial)header] GET https://serviceusage.googleapis.com/v1/projects/serviciotecnicojr-187663-9a086/services/firebaseapphosting.googleapis.com x-goog-quota-user=projects/serviciotecnicojr-187663-9a086
[error] Failed to fetch Firebase Project from Studio Workspace because WORKSPACE_SLUG environment variable is empty
[error] Failed to fetch Firebase Project from Studio Workspace because WORKSPACE_SLUG environment variable is empty
[debug] [2025-11-06T22:39:26.239Z] > command requires scopes: ["email","openid","https://www.googleapis.com/auth/cloudplatformprojects.readonly","https://www.googleapis.com/auth/firebase","https://www.googleapis.com/auth/cloud-platform","https://www.googleapis.com/auth/userinfo.email"]
[debug] [2025-11-06T22:39:26.244Z] > authorizing via signed-in user (jefemaestrohalocombat@gmail.com)
[error] Failed to fetch Firebase Project from Studio Workspace because WORKSPACE_SLUG environment variable is empty
[debug] [2025-11-06T22:39:26.285Z] > command requires scopes: ["email","openid","https://www.googleapis.com/auth/cloudplatformprojects.readonly","https://www.googleapis.com/auth/firebase","https://www.googleapis.com/auth/cloud-platform","https://www.googleapis.com/auth/userinfo.email"]
[debug] [2025-11-06T22:39:26.285Z] > authorizing via signed-in user (jefemaestrohalocombat@gmail.com)
[debug] [2025-11-06T22:39:26.344Z] <<< [apiv2][status] POST https://www.googleapis.com/oauth2/v3/token 200
[debug] [2025-11-06T22:39:26.344Z] <<< [apiv2][body] POST https://www.googleapis.com/oauth2/v3/token [omitted]
[debug] [2025-11-06T22:39:26.381Z] >>> [apiv2][query] GET https://serviceusage.googleapis.com/v1/projects/serviciotecnicojr-187663-9a086/services/firebaseio.com [none]
[debug] [2025-11-06T22:39:26.382Z] >>> [apiv2][(partial)header] GET https://serviceusage.googleapis.com/v1/projects/serviciotecnicojr-187663-9a086/services/firebaseio.com x-goog-quota-user=projects/serviciotecnicojr-187663-9a086
[debug] [2025-11-06T22:39:26.412Z] <<< [apiv2][status] GET https://serviceusage.googleapis.com/v1/projects/serviciotecnicojr-187663-9a086/services/firebasedataconnect.googleapis.com 200
[debug] [2025-11-06T22:39:26.419Z] <<< [apiv2][body] GET https://serviceusage.googleapis.com/v1/projects/serviciotecnicojr-187663-9a086/services/firebasedataconnect.googleapis.com [omitted]
[debug] [2025-11-06T22:39:26.432Z] <<< [apiv2][status] GET https://serviceusage.googleapis.com/v1/projects/serviciotecnicojr-187663-9a086/services/firebaseapphosting.googleapis.com 200
[debug] [2025-11-06T22:39:26.452Z] <<< [apiv2][body] GET https://serviceusage.googleapis.com/v1/projects/serviciotecnicojr-187663-9a086/services/firebaseapphosting.googleapis.com [omitted]
[debug] [2025-11-06T22:39:26.511Z] <<< [apiv2][status] GET https://serviceusage.googleapis.com/v1/projects/serviciotecnicojr-187663-9a086/services/firebaseapphosting.googleapis.com 200
[debug] [2025-11-06T22:39:26.520Z] <<< [apiv2][body] GET https://serviceusage.googleapis.com/v1/projects/serviciotecnicojr-187663-9a086/services/firebaseapphosting.googleapis.com [omitted]
[debug] [2025-11-06T22:39:26.524Z] <<< [apiv2][status] GET https://serviceusage.googleapis.com/v1/projects/serviciotecnicojr-187663-9a086/services/firebaseio.com 403
[debug] [2025-11-06T22:39:26.525Z] <<< [apiv2][body] GET https://serviceusage.googleapis.com/v1/projects/serviciotecnicojr-187663-9a086/services/firebaseio.com [omitted]
[debug] [2025-11-06T22:39:26.543Z] <<< [apiv2][status] GET https://serviceusage.googleapis.com/v1/projects/serviciotecnicojr-187663-9a086/services/firebaseio.com 403
[debug] [2025-11-06T22:39:26.543Z] <<< [apiv2][body] GET https://serviceusage.googleapis.com/v1/projects/serviciotecnicojr-187663-9a086/services/firebaseio.com [omitted]
[debug] [2025-11-06T22:39:26.555Z] <<< [apiv2][status] GET https://serviceusage.googleapis.com/v1/projects/serviciotecnicojr-187663-9a086/services/firebasedataconnect.googleapis.com 200
[debug] [2025-11-06T22:39:26.555Z] <<< [apiv2][body] GET https://serviceusage.googleapis.com/v1/projects/serviciotecnicojr-187663-9a086/services/firebasedataconnect.googleapis.com [omitted]
[error] Failed to fetch Firebase Project from Studio Workspace because WORKSPACE_SLUG environment variable is empty
[error] Failed to fetch Firebase Project from Studio Workspace because WORKSPACE_SLUG environment variable is empty
[error] Failed to fetch Firebase Project from Studio Workspace because WORKSPACE_SLUG environment variable is empty
[error] Failed to fetch Firebase Project from Studio Workspace because WORKSPACE_SLUG environment variable is empty
[debug] [2025-11-06T22:40:30.937Z] > command requires scopes: ["email","openid","https://www.googleapis.com/auth/cloudplatformprojects.readonly","https://www.googleapis.com/auth/firebase","https://www.googleapis.com/auth/cloud-platform","https://www.googleapis.com/auth/userinfo.email"]
[debug] [2025-11-06T22:40:30.941Z] > authorizing via signed-in user (jefemaestrohalocombat@gmail.com)
[debug] [2025-11-06T22:40:30.976Z] Checked if tokens are valid: true, expires at: 1762472365344
[debug] [2025-11-06T22:40:30.977Z] Checked if tokens are valid: true, expires at: 1762472365344
[debug] [2025-11-06T22:40:30.991Z] Checked if tokens are valid: true, expires at: 1762472365344
[debug] [2025-11-06T22:40:30.991Z] Checked if tokens are valid: true, expires at: 1762472365344
[debug] [2025-11-06T22:40:30.992Z] Checked if tokens are valid: true, expires at: 1762472365344
[debug] [2025-11-06T22:40:30.993Z] Checked if tokens are valid: true, expires at: 1762472365344
[debug] [2025-11-06T22:40:30.993Z] > command requires scopes: ["email","openid","https://www.googleapis.com/auth/cloudplatformprojects.readonly","https://www.googleapis.com/auth/firebase","https://www.googleapis.com/auth/cloud-platform","https://www.googleapis.com/auth/userinfo.email"]
[debug] [2025-11-06T22:40:30.994Z] > authorizing via signed-in user (jefemaestrohalocombat@gmail.com)
[debug] [2025-11-06T22:40:30.996Z] >>> [apiv2][query] GET https://serviceusage.googleapis.com/v1/projects/serviciotecnicojr-187663-9a086/services/firebasedataconnect.googleapis.com [none]
[debug] [2025-11-06T22:40:30.999Z] >>> [apiv2][(partial)header] GET https://serviceusage.googleapis.com/v1/projects/serviciotecnicojr-187663-9a086/services/firebasedataconnect.googleapis.com x-goog-quota-user=projects/serviciotecnicojr-187663-9a086
[debug] [2025-11-06T22:40:31.006Z] >>> [apiv2][query] GET https://serviceusage.googleapis.com/v1/projects/serviciotecnicojr-187663-9a086/services/firebaseapphosting.googleapis.com [none]
[debug] [2025-11-06T22:40:31.007Z] >>> [apiv2][(partial)header] GET https://serviceusage.googleapis.com/v1/projects/serviciotecnicojr-187663-9a086/services/firebaseapphosting.googleapis.com x-goog-quota-user=projects/serviciotecnicojr-187663-9a086
[debug] [2025-11-06T22:40:31.014Z] >>> [apiv2][query] GET https://serviceusage.googleapis.com/v1/projects/serviciotecnicojr-187663-9a086/services/firebaseio.com [none]
[debug] [2025-11-06T22:40:31.015Z] >>> [apiv2][(partial)header] GET https://serviceusage.googleapis.com/v1/projects/serviciotecnicojr-187663-9a086/services/firebaseio.com x-goog-quota-user=projects/serviciotecnicojr-187663-9a086
[debug] [2025-11-06T22:40:31.022Z] Checked if tokens are valid: true, expires at: 1762472365344
[debug] [2025-11-06T22:40:31.024Z] Checked if tokens are valid: true, expires at: 1762472365344
[debug] [2025-11-06T22:40:31.032Z] Checked if tokens are valid: true, expires at: 1762472365344
[debug] [2025-11-06T22:40:31.032Z] Checked if tokens are valid: true, expires at: 1762472365344
[debug] [2025-11-06T22:40:31.033Z] Checked if tokens are valid: true, expires at: 1762472365344
[debug] [2025-11-06T22:40:31.033Z] Checked if tokens are valid: true, expires at: 1762472365344
[debug] [2025-11-06T22:40:31.037Z] >>> [apiv2][query] GET https://serviceusage.googleapis.com/v1/projects/serviciotecnicojr-187663-9a086/services/firebasedataconnect.googleapis.com [none]
[debug] [2025-11-06T22:40:31.038Z] >>> [apiv2][(partial)header] GET https://serviceusage.googleapis.com/v1/projects/serviciotecnicojr-187663-9a086/services/firebasedataconnect.googleapis.com x-goog-quota-user=projects/serviciotecnicojr-187663-9a086
[debug] [2025-11-06T22:40:31.043Z] >>> [apiv2][query] GET https://serviceusage.googleapis.com/v1/projects/serviciotecnicojr-187663-9a086/services/firebaseapphosting.googleapis.com [none]
[debug] [2025-11-06T22:40:31.043Z] >>> [apiv2][(partial)header] GET https://serviceusage.googleapis.com/v1/projects/serviciotecnicojr-187663-9a086/services/firebaseapphosting.googleapis.com x-goog-quota-user=projects/serviciotecnicojr-187663-9a086
[debug] [2025-11-06T22:40:31.049Z] >>> [apiv2][query] GET https://serviceusage.googleapis.com/v1/projects/serviciotecnicojr-187663-9a086/services/firebaseio.com [none]
[debug] [2025-11-06T22:40:31.049Z] >>> [apiv2][(partial)header] GET https://serviceusage.googleapis.com/v1/projects/serviciotecnicojr-187663-9a086/services/firebaseio.com x-goog-quota-user=projects/serviciotecnicojr-187663-9a086
[debug] [2025-11-06T22:40:31.328Z] <<< [apiv2][status] GET https://serviceusage.googleapis.com/v1/projects/serviciotecnicojr-187663-9a086/services/firebasedataconnect.googleapis.com 200
[debug] [2025-11-06T22:40:31.331Z] <<< [apiv2][body] GET https://serviceusage.googleapis.com/v1/projects/serviciotecnicojr-187663-9a086/services/firebasedataconnect.googleapis.com [omitted]
[debug] [2025-11-06T22:40:31.386Z] <<< [apiv2][status] GET https://serviceusage.googleapis.com/v1/projects/serviciotecnicojr-187663-9a086/services/firebaseio.com 403
[debug] [2025-11-06T22:40:31.386Z] <<< [apiv2][body] GET https://serviceusage.googleapis.com/v1/projects/serviciotecnicojr-187663-9a086/services/firebaseio.com [omitted]
[debug] [2025-11-06T22:40:31.388Z] <<< [apiv2][status] GET https://serviceusage.googleapis.com/v1/projects/serviciotecnicojr-187663-9a086/services/firebaseapphosting.googleapis.com 200
[debug] [2025-11-06T22:40:31.388Z] <<< [apiv2][body] GET https://serviceusage.googleapis.com/v1/projects/serviciotecnicojr-187663-9a086/services/firebaseapphosting.googleapis.com [omitted]
[debug] [2025-11-06T22:40:31.389Z] <<< [apiv2][status] GET https://serviceusage.googleapis.com/v1/projects/serviciotecnicojr-187663-9a086/services/firebaseio.com 403
[debug] [2025-11-06T22:40:31.389Z] <<< [apiv2][body] GET https://serviceusage.googleapis.com/v1/projects/serviciotecnicojr-187663-9a086/services/firebaseio.com [omitted]
[debug] [2025-11-06T22:40:31.392Z] <<< [apiv2][status] GET https://serviceusage.googleapis.com/v1/projects/serviciotecnicojr-187663-9a086/services/firebaseapphosting.googleapis.com 200
[debug] [2025-11-06T22:40:31.394Z] <<< [apiv2][body] GET https://serviceusage.googleapis.com/v1/projects/serviciotecnicojr-187663-9a086/services/firebaseapphosting.googleapis.com [omitted]
[error] Failed to fetch Firebase Project from Studio Workspace because WORKSPACE_SLUG environment variable is empty
[error] Failed to fetch Firebase Project from Studio Workspace because WORKSPACE_SLUG environment variable is empty
[error] Failed to fetch Firebase Project from Studio Workspace because WORKSPACE_SLUG environment variable is empty
[debug] [2025-11-06T22:40:31.462Z] > command requires scopes: ["email","openid","https://www.googleapis.com/auth/cloudplatformprojects.readonly","https://www.googleapis.com/auth/firebase","https://www.googleapis.com/auth/cloud-platform","https://www.googleapis.com/auth/userinfo.email"]
[debug] [2025-11-06T22:40:31.463Z] > authorizing via signed-in user (jefemaestrohalocombat@gmail.com)
[error] Failed to fetch Firebase Project from Studio Workspace because WORKSPACE_SLUG environment variable is empty
[debug] [2025-11-06T22:40:31.473Z] > command requires scopes: ["email","openid","https://www.googleapis.com/auth/cloudplatformprojects.readonly","https://www.googleapis.com/auth/firebase","https://www.googleapis.com/auth/cloud-platform","https://www.googleapis.com/auth/userinfo.email"]
[debug] [2025-11-06T22:40:31.474Z] > authorizing via signed-in user (jefemaestrohalocombat@gmail.com)
[debug] [2025-11-06T22:40:31.477Z] <<< [apiv2][status] GET https://serviceusage.googleapis.com/v1/projects/serviciotecnicojr-187663-9a086/services/firebasedataconnect.googleapis.com 200
[debug] [2025-11-06T22:40:31.477Z] <<< [apiv2][body] GET https://serviceusage.googleapis.com/v1/projects/serviciotecnicojr-187663-9a086/services/firebasedataconnect.googleapis.com [omitted]
[error] Failed to fetch Firebase Project from Studio Workspace because WORKSPACE_SLUG environment variable is empty
[error] Failed to fetch Firebase Project from Studio Workspace because WORKSPACE_SLUG environment variable is empty
[error] Failed to fetch Firebase Project from Studio Workspace because WORKSPACE_SLUG environment variable is empty
[error] Failed to fetch Firebase Project from Studio Workspace because WORKSPACE_SLUG environment variable is empty
[debug] [2025-11-06T22:40:31.556Z] > command requires scopes: ["email","openid","https://www.googleapis.com/auth/cloudplatformprojects.readonly","https://www.googleapis.com/auth/firebase","https://www.googleapis.com/auth/cloud-platform","https://www.googleapis.com/auth/userinfo.email"]
[debug] [2025-11-06T22:40:31.557Z] > authorizing via signed-in user (jefemaestrohalocombat@gmail.com)
[error] Failed to fetch Firebase Project from Studio Workspace because WORKSPACE_SLUG environment variable is empty
[debug] [2025-11-06T22:40:31.564Z] > command requires scopes: ["email","openid","https://www.googleapis.com/auth/cloudplatformprojects.readonly","https://www.googleapis.com/auth/firebase","https://www.googleapis.com/auth/cloud-platform","https://www.googleapis.com/auth/userinfo.email"]
[debug] [2025-11-06T22:40:31.564Z] > authorizing via signed-in user (jefemaestrohalocombat@gmail.com)
[error] Failed to fetch Firebase Project from Studio Workspace because WORKSPACE_SLUG environment variable is empty
[error] Failed to fetch Firebase Project from Studio Workspace because WORKSPACE_SLUG environment variable is empty
[debug] [2025-11-06T22:40:31.621Z] > command requires scopes: ["email","openid","https://www.googleapis.com/auth/cloudplatformprojects.readonly","https://www.googleapis.com/auth/firebase","https://www.googleapis.com/auth/cloud-platform","https://www.googleapis.com/auth/userinfo.email"]
[debug] [2025-11-06T22:40:31.621Z] > authorizing via signed-in user (jefemaestrohalocombat@gmail.com)
[error] Failed to fetch Firebase Project from Studio Workspace because WORKSPACE_SLUG environment variable is empty
[debug] [2025-11-06T22:40:31.632Z] > command requires scopes: ["email","openid","https://www.googleapis.com/auth/cloudplatformprojects.readonly","https://www.googleapis.com/auth/firebase","https://www.googleapis.com/auth/cloud-platform","https://www.googleapis.com/auth/userinfo.email"]
[debug] [2025-11-06T22:40:31.637Z] > authorizing via signed-in user (jefemaestrohalocombat@gmail.com)
